Для следующих файлов из папки БИТ.ФИНАНС не были найдены соответствия в папке БИТ.СТРОИТЕЛЬСТВО:
C:/Users/cyril/Desktop/Сверка MXL/БИТ.ФИНАНС\Банки — копия.mxl
Для следующих файлов из папки БИТ.СТРОИТЕЛЬСТВО не были найдены соответствия в папке БИТ.ФИНАНС:

Обработка следующих файлов C:/Users/cyril/Desktop/Сверка MXL/БИТ.ФИНАНС\Банки.mxl, C:/Users/cyril/Desktop/Сверка MXL/БИТ.СТРОИТЕЛЬСТВО\Банки.mxl успешно завершена

Обработка следующих файлов C:/Users/cyril/Desktop/Сверка MXL/БИТ.ФИНАНС\Банки.mxl, C:/Users/cyril/Desktop/Сверка MXL/БИТ.СТРОИТЕЛЬСТВО\Банки.mxl успешно завершена

Обработка следующих файлов C:/Users/cyril/Desktop/Сверка MXL/БИТ.ФИНАНС\Бюджеты — копия.mxl, C:/Users/cyril/Desktop/Сверка MXL/БИТ.СТРОИТЕЛЬСТВО\Бюджеты — копия.mxl успешно завершена

Обработка следующих файлов C:/Users/cyril/Desktop/Сверка MXL/БИТ.ФИНАНС\Бюджеты — копия.mxl, C:/Users/cyril/Desktop/Сверка MXL/БИТ.СТРОИТЕЛЬСТВО\Бюджеты — копия.mxl успешно завершена

Обработка следующих файлов C:/Users/cyril/Desktop/Сверка MXL/БИТ.ФИНАНС\Бюджеты.mxl, C:/Users/cyril/Desktop/Сверка MXL/БИТ.СТРОИТЕЛЬСТВО\Бюджеты.mxl успешно завершена

Обработка следующих файлов C:/Users/cyril/Desktop/Сверка MXL/БИТ.ФИНАНС\Бюджеты.mxl, C:/Users/cyril/Desktop/Сверка MXL/БИТ.СТРОИТЕЛЬСТВО\Бюджеты.mxl успешно завершена

Обработка следующих файлов C:/Users/cyril/Desktop/Сверка MXL/БИТ.ФИНАНС\Валюты — копия.mxl, C:/Users/cyril/Desktop/Сверка MXL/БИТ.СТРОИТЕЛЬСТВО\Валюты — копия.mxl успешно завершена

Обработка следующих файлов C:/Users/cyril/Desktop/Сверка MXL/БИТ.ФИНАНС\Валюты — копия.mxl, C:/Users/cyril/Desktop/Сверка MXL/БИТ.СТРОИТЕЛЬСТВО\Валюты — копия.mxl успешно завершена

Обработка следующих файлов C:/Users/cyril/Desktop/Сверка MXL/БИТ.ФИНАНС\Валюты.mxl, C:/Users/cyril/Desktop/Сверка MXL/БИТ.СТРОИТЕЛЬСТВО\Валюты.mxl успешно завершена

Обработка следующих файлов C:/Users/cyril/Desktop/Сверка MXL/БИТ.ФИНАНС\Валюты.mxl, C:/Users/cyril/Desktop/Сверка MXL/БИТ.СТРОИТЕЛЬСТВО\Валюты.mxl успешно завершена

Обработка следующих файлов C:/Users/cyril/Desktop/Сверка MXL/БИТ.ФИНАНС\Виды входящих документов — копия.mxl, C:/Users/cyril/Desktop/Сверка MXL/БИТ.СТРОИТЕЛЬСТВО\Виды входящих документов — копия.mxl успешно завершена

Обработка следующих файлов C:/Users/cyril/Desktop/Сверка MXL/БИТ.ФИНАНС\Виды входящих документов — копия.mxl, C:/Users/cyril/Desktop/Сверка MXL/БИТ.СТРОИТЕЛЬСТВО\Виды входящих документов — копия.mxl успешно завершена

Обработка следующих файлов C:/Users/cyril/Desktop/Сверка MXL/БИТ.ФИНАНС\Виды входящих документов.mxl, C:/Users/cyril/Desktop/Сверка MXL/БИТ.СТРОИТЕЛЬСТВО\Виды входящих документов.mxl успешно завершена

Обработка следующих файлов C:/Users/cyril/Desktop/Сверка MXL/БИТ.ФИНАНС\Виды входящих документов.mxl, C:/Users/cyril/Desktop/Сверка MXL/БИТ.СТРОИТЕЛЬСТВО\Виды входящих документов.mxl успешно завершена

Обработка следующих файлов C:/Users/cyril/Desktop/Сверка MXL/БИТ.ФИНАНС\Виды вычетов НДФЛ — копия.mxl, C:/Users/cyril/Desktop/Сверка MXL/БИТ.СТРОИТЕЛЬСТВО\Виды вычетов НДФЛ — копия.mxl успешно завершена

Обработка следующих файлов C:/Users/cyril/Desktop/Сверка MXL/БИТ.ФИНАНС\Виды вычетов НДФЛ — копия.mxl, C:/Users/cyril/Desktop/Сверка MXL/БИТ.СТРОИТЕЛЬСТВО\Виды вычетов НДФЛ — копия.mxl успешно завершена

Обработка следующих файлов C:/Users/cyril/Desktop/Сверка MXL/БИТ.ФИНАНС\Виды вычетов НДФЛ.mxl, C:/Users/cyril/Desktop/Сверка MXL/БИТ.СТРОИТЕЛЬСТВО\Виды вычетов НДФЛ.mxl успешно завершена

Обработка следующих файлов C:/Users/cyril/Desktop/Сверка MXL/БИТ.ФИНАНС\Виды вычетов НДФЛ.mxl, C:/Users/cyril/Desktop/Сверка MXL/БИТ.СТРОИТЕЛЬСТВО\Виды вычетов НДФЛ.mxl успешно завершена

Обработка следующих файлов C:/Users/cyril/Desktop/Сверка MXL/БИТ.ФИНАНС\Виды документов — копия.mxl, C:/Users/cyril/Desktop/Сверка MXL/БИТ.СТРОИТЕЛЬСТВО\Виды документов — копия.mxl успешно завершена

Обработка следующих файлов C:/Users/cyril/Desktop/Сверка MXL/БИТ.ФИНАНС\Виды документов — копия.mxl, C:/Users/cyril/Desktop/Сверка MXL/БИТ.СТРОИТЕЛЬСТВО\Виды документов — копия.mxl успешно завершена

Обработка следующих файлов C:/Users/cyril/Desktop/Сверка MXL/БИТ.ФИНАНС\Виды документов.mxl, C:/Users/cyril/Desktop/Сверка MXL/БИТ.СТРОИТЕЛЬСТВО\Виды документов.mxl успешно завершена

Обработка следующих файлов C:/Users/cyril/Desktop/Сверка MXL/БИТ.ФИНАНС\Виды документов.mxl, C:/Users/cyril/Desktop/Сверка MXL/БИТ.СТРОИТЕЛЬСТВО\Виды документов.mxl успешно завершена

Обработка следующих файлов C:/Users/cyril/Desktop/Сверка MXL/БИТ.ФИНАНС\Виды регистров учета — копия.mxl, C:/Users/cyril/Desktop/Сверка MXL/БИТ.СТРОИТЕЛЬСТВО\Виды регистров учета — копия.mxl успешно завершена

Обработка следующих файлов C:/Users/cyril/Desktop/Сверка MXL/БИТ.ФИНАНС\Виды регистров учета — копия.mxl, C:/Users/cyril/Desktop/Сверка MXL/БИТ.СТРОИТЕЛЬСТВО\Виды регистров учета — копия.mxl успешно завершена

Обработка следующих файлов C:/Users/cyril/Desktop/Сверка MXL/БИТ.ФИНАНС\Виды регистров учета.mxl, C:/Users/cyril/Desktop/Сверка MXL/БИТ.СТРОИТЕЛЬСТВО\Виды регистров учета.mxl успешно завершена

Обработка следующих файлов C:/Users/cyril/Desktop/Сверка MXL/БИТ.ФИНАНС\Виды регистров учета.mxl, C:/Users/cyril/Desktop/Сверка MXL/БИТ.СТРОИТЕЛЬСТВО\Виды регистров учета.mxl успешно завершена

Обработка следующих файлов C:/Users/cyril/Desktop/Сверка MXL/БИТ.ФИНАНС\Группы структурных подразделений — копия.mxl, C:/Users/cyril/Desktop/Сверка MXL/БИТ.СТРОИТЕЛЬСТВО\Группы структурных подразделений — копия.mxl успешно завершена

Обработка следующих файлов C:/Users/cyril/Desktop/Сверка MXL/БИТ.ФИНАНС\Группы структурных подразделений — копия.mxl, C:/Users/cyril/Desktop/Сверка MXL/БИТ.СТРОИТЕЛЬСТВО\Группы структурных подразделений — копия.mxl успешно завершена

Обработка следующих файлов C:/Users/cyril/Desktop/Сверка MXL/БИТ.ФИНАНС\Группы структурных подразделений.mxl, C:/Users/cyril/Desktop/Сверка MXL/БИТ.СТРОИТЕЛЬСТВО\Группы структурных подразделений.mxl успешно завершена

Обработка следующих файлов C:/Users/cyril/Desktop/Сверка MXL/БИТ.ФИНАНС\Группы структурных подразделений.mxl, C:/Users/cyril/Desktop/Сверка MXL/БИТ.СТРОИТЕЛЬСТВО\Группы структурных подразделений.mxl успешно завершена

Обработка следующих файлов C:/Users/cyril/Desktop/Сверка MXL/БИТ.ФИНАНС\Категории договоров — копия.mxl, C:/Users/cyril/Desktop/Сверка MXL/БИТ.СТРОИТЕЛЬСТВО\Категории договоров — копия.mxl успешно завершена

Обработка следующих файлов C:/Users/cyril/Desktop/Сверка MXL/БИТ.ФИНАНС\Категории договоров — копия.mxl, C:/Users/cyril/Desktop/Сверка MXL/БИТ.СТРОИТЕЛЬСТВО\Категории договоров — копия.mxl успешно завершена

Обработка следующих файлов C:/Users/cyril/Desktop/Сверка MXL/БИТ.ФИНАНС\Категории договоров.mxl, C:/Users/cyril/Desktop/Сверка MXL/БИТ.СТРОИТЕЛЬСТВО\Категории договоров.mxl успешно завершена

Обработка следующих файлов C:/Users/cyril/Desktop/Сверка MXL/БИТ.ФИНАНС\Категории договоров.mxl, C:/Users/cyril/Desktop/Сверка MXL/БИТ.СТРОИТЕЛЬСТВО\Категории договоров.mxl успешно завершена

Обработка следующих файлов C:/Users/cyril/Desktop/Сверка MXL/БИТ.ФИНАНС\Счета.mxl, C:/Users/cyril/Desktop/Сверка MXL/БИТ.СТРОИТЕЛЬСТВО\Счета.mxl успешно завершена

Обработка следующих файлов C:/Users/cyril/Desktop/Сверка MXL/БИТ.ФИНАНС\Счета.mxl, C:/Users/cyril/Desktop/Сверка MXL/БИТ.СТРОИТЕЛЬСТВО\Счета.mxl успешно завершена

